{"name": "test_physical_reward_redemption", "status": "broken", "statusDetails": {"message": "selenium.common.exceptions.NoSuchElementException: Message: An element could not be located on the page using the given search parameters.; For documentation on this error, please visit: https://www.selenium.dev/documentation/webdriver/troubleshooting/errors#no-such-element-exception\nStacktrace:\nNoSuchElementError: An element could not be located on the page using the given search parameters.\n    at XCUITestDriver.doNativeFind (/Users/ankit/.appium/node_modules/appium-xcuitest-driver/lib/commands/find.js:143:13)\n    at processTicksAndRejections (node:internal/process/task_queues:95:5)\n    at XCUITestDriver.findNativeElementOrElements (/Users/ankit/.appium/node_modules/appium-xcuitest-driver/lib/commands/find.js:97:12)\n    at XCUITestDriver.findElOrEls (/Users/ankit/.appium/node_modules/appium-xcuitest-driver/lib/commands/find.js:24:14)\n    at XCUITestDriver.findElOrElsWithProcessing (/usr/local/lib/node_modules/appium/node_modules/@appium/base-driver/lib/basedriver/commands/find.ts:60:12)\n    at XCUITestDriver.findElement (/usr/local/lib/node_modules/appium/node_modules/@appium/base-driver/lib/basedriver/commands/find.ts:75:12)", "trace": "setup = (<appium.webdriver.webdriver.WebDriver (session=\"2199df86-1b10-46d3-9dec-73c443092cc5\")>, <appium.webdriver.appium_service.AppiumService object at 0x11e78f200>)\nlog_test_name = <function log_test_name.<locals>.log_name at 0x11eb207c0>, api_client_with_token = <Datasource.APIClient.APIClient object at 0x109e6d640>\n\n    def test_physical_reward_redemption(setup, log_test_name, api_client_with_token):\n        driver, _ = setup\n        log_test_name()\n        test_data = dataProvider.get_specific_row('RewardTest', 'pysical_delivery')\n    \n        reward = api_client_with_token.get_reward_detail(test_data.get('reward_pk'))\n        print(f'test data for bulk redemption = {test_data}')\n    \n        # rewards tab\n>       el1 = driver.find_element(AppiumBy.ACCESSIBILITY_ID, \"mainTabRewardz\")\n\nfirst/rewardz/test_rewardz.py:148: \n_ _ _ _ _ _ _ _ _ _ _ _ _ _ _ _ _ _ _ _ _ _ _ _ _ _ _ _ _ _ _ _ _ _ _ _ _ _ _ _ _ _ _ _ _ _ _ _ _ _ _ _ _ _ _ _ _ _ _ _ _ _ _ _ _ _ _ _ _ _ _ _ _ _ _ _ _ _ _ _ _ _ _ _ _ _ _ _ _ _ _ _ _ _ _ _ _ _ _ _ _ _ _ _ _ _ _ _ _ _ _ _ _ _ _ _ _ _\nvenv/lib/python3.12/site-packages/appium/webdriver/webdriver.py:383: in find_element\n    return self.execute(RemoteCommand.FIND_ELEMENT, {'using': by, 'value': value})['value']\nvenv/lib/python3.12/site-packages/selenium/webdriver/remote/webdriver.py:347: in execute\n    self.error_handler.check_response(response)\n_ _ _ _ _ _ _ _ _ _ _ _ _ _ _ _ _ _ _ _ _ _ _ _ _ _ _ _ _ _ _ _ _ _ _ _ _ _ _ _ _ _ _ _ _ _ _ _ _ _ _ _ _ _ _ _ _ _ _ _ _ _ _ _ _ _ _ _ _ _ _ _ _ _ _ _ _ _ _ _ _ _ _ _ _ _ _ _ _ _ _ _ _ _ _ _ _ _ _ _ _ _ _ _ _ _ _ _ _ _ _ _ _ _ _ _ _ _\n\nself = <appium.webdriver.errorhandler.MobileErrorHandler object at 0x109e6cfb0>\nresponse = {'status': 404, 'value': '{\"value\":{\"error\":\"no such element\",\"message\":\"An element could not be located on the page u...lement (/usr/local/lib/node_modules/appium/node_modules/@appium/base-driver/lib/basedriver/commands/find.ts:75:12)\"}}'}\n\n    def check_response(self, response: Dict[str, Any]) -> None:\n        \"\"\"\n        https://www.w3.org/TR/webdriver/#errors\n        \"\"\"\n        payload = response.get('value', '')\n        if isinstance(payload, dict):\n            payload_dict = payload\n        else:\n            try:\n                payload_dict = json.loads(payload)\n            except (json.JSONDecodeError, TypeError):\n                return\n            if not isinstance(payload_dict, dict):\n                return\n        value = payload_dict.get('value')\n        if not isinstance(value, dict):\n            return\n        error = value.get('error')\n        if not error:\n            return\n    \n        message = value.get('message', error)\n        stacktrace = value.get('stacktrace', '')\n        # In theory, we should also be checking HTTP status codes.\n        # Java client, for example, prints a warning if the actual `error`\n        # value does not match to the response's HTTP status code.\n        exception_class: Type[sel_exceptions.WebDriverException] = ERROR_TO_EXC_MAPPING.get(\n            error, sel_exceptions.WebDriverException\n        )\n        if exception_class is sel_exceptions.WebDriverException and message:\n            if message == 'No such context found.':\n                exception_class = appium_exceptions.NoSuchContextException\n            elif message == 'That command could not be executed in the current context.':\n                exception_class = appium_exceptions.InvalidSwitchToTargetException\n    \n        if exception_class is sel_exceptions.UnexpectedAlertPresentException:\n            raise sel_exceptions.UnexpectedAlertPresentException(\n                msg=message,\n                stacktrace=format_stacktrace(stacktrace),\n                alert_text=value.get('data'),\n            )\n>       raise exception_class(msg=message, stacktrace=format_stacktrace(stacktrace))\nE       selenium.common.exceptions.NoSuchElementException: Message: An element could not be located on the page using the given search parameters.; For documentation on this error, please visit: https://www.selenium.dev/documentation/webdriver/troubleshooting/errors#no-such-element-exception\nE       Stacktrace:\nE       NoSuchElementError: An element could not be located on the page using the given search parameters.\nE           at XCUITestDriver.doNativeFind (/Users/ankit/.appium/node_modules/appium-xcuitest-driver/lib/commands/find.js:143:13)\nE           at processTicksAndRejections (node:internal/process/task_queues:95:5)\nE           at XCUITestDriver.findNativeElementOrElements (/Users/ankit/.appium/node_modules/appium-xcuitest-driver/lib/commands/find.js:97:12)\nE           at XCUITestDriver.findElOrEls (/Users/ankit/.appium/node_modules/appium-xcuitest-driver/lib/commands/find.js:24:14)\nE           at XCUITestDriver.findElOrElsWithProcessing (/usr/local/lib/node_modules/appium/node_modules/@appium/base-driver/lib/basedriver/commands/find.ts:60:12)\nE           at XCUITestDriver.findElement (/usr/local/lib/node_modules/appium/node_modules/@appium/base-driver/lib/basedriver/commands/find.ts:75:12)\n\nvenv/lib/python3.12/site-packages/appium/webdriver/errorhandler.py:125: NoSuchElementException"}, "attachments": [{"name": "log", "source": "a7c28074-7603-440c-bf1c-b787459815f9-attachment.txt", "type": "text/plain"}], "start": 1711001148372, "stop": 1711001159039, "uuid": "044be0bf-b703-441b-8046-ab97e10f6b37", "historyId": "c10e08c5d4fdfcd2cb9fdc4fab71d9e8", "testCaseId": "c10e08c5d4fdfcd2cb9fdc4fab71d9e8", "fullName": "first.rewardz.test_rewardz#test_physical_reward_redemption", "labels": [{"name": "parentSuite", "value": "first.rewardz"}, {"name": "suite", "value": "test_rewardz"}, {"name": "host", "value": "Ankits-MacBook-Pro.local"}, {"name": "thread", "value": "84639-MainThread"}, {"name": "framework", "value": "pytest"}, {"name": "language", "value": "cpython3"}, {"name": "package", "value": "first.rewardz.test_rewardz"}]}